AndroidStudioProjects/AidHarbour/app/build/intermediates/manifest_merge_blame_file/release/manifest-merger-blame-release-report.txt
1<?xml version="1.0" encoding="utf-8"?>
2<manifest xmlns:android="http://schemas.android.com/apk/res/android"
3    package="com.example.aidharbour"
4    android:versionCode="1"
5    android:versionName="1.0" >
6
7    <uses-sdk
8        android:minSdkVersion="24"
9        android:targetSdkVersion="34" />
10
11    <uses-permission android:name="android.permission.INTERNET" />
11-->src\main\AndroidManifest.xml:5:5-67
11-->src\main\AndroidManifest.xml:5:22-64
12
13    <permission
13-->[androidx.core:core:1.12.0] AndroidManifest.xml:22:5-24:47
14        android:name="com.example.aidharbour.DYNAMIC_RECEIVER_NOT_EXPORTED_PERMISSION"
14-->[androidx.core:core:1.12.0] AndroidManifest.xml:23:9-81
15        android:protectionLevel="signature" />
15-->[androidx.core:core:1.12.0] AndroidManifest.xml:24:9-44
16
17    <uses-permission android:name="com.example.aidharbour.DYNAMIC_RECEIVER_NOT_EXPORTED_PERMISSION" />
17-->[androidx.core:core:1.12.0] AndroidManifest.xml:26:5-97
17-->[androidx.core:core:1.12.0] AndroidManifest.xml:26:22-94
18
19    <application
19-->src\main\AndroidManifest.xml:7:5-44:19
20        android:allowBackup="true"
20-->src\main\AndroidManifest.xml:8:9-35
21        android:appComponentFactory="androidx.core.app.CoreComponentFactory"
21-->[androidx.core:core:1.12.0] AndroidManifest.xml:28:18-86
22        android:dataExtractionRules="@xml/data_extraction_rules"
22-->src\main\AndroidManifest.xml:9:9-65
23        android:extractNativeLibs="false"
24        android:fullBackupContent="@xml/backup_rules"
24-->src\main\AndroidManifest.xml:10:9-54
25        android:icon="@mipmap/ic_launcher"
25-->src\main\AndroidManifest.xml:11:9-43
26        android:label="@string/app_name"
26-->src\main\AndroidManifest.xml:12:9-41
27        android:roundIcon="@mipmap/ic_launcher_round"
27-->src\main\AndroidManifest.xml:13:9-54
28        android:supportsRtl="true"
28-->src\main\AndroidManifest.xml:14:9-35
29        android:theme="@style/Theme.AidHarbour" >
29-->src\main\AndroidManifest.xml:15:9-48
30        <activity
30-->src\main\AndroidManifest.xml:17:9-19:40
31            android:name="com.example.aidharbour.History2"
31-->src\main\AndroidManifest.xml:18:13-37
32            android:exported="false" />
32-->src\main\AndroidManifest.xml:19:13-37
33        <activity
33-->src\main\AndroidManifest.xml:20:9-22:40
34            android:name="com.example.aidharbour.History"
34-->src\main\AndroidManifest.xml:21:13-36
35            android:exported="false" />
35-->src\main\AndroidManifest.xml:22:13-37
36        <activity
36-->src\main\AndroidManifest.xml:23:9-25:40
37            android:name="com.example.aidharbour.history"
37-->src\main\AndroidManifest.xml:24:13-36
38            android:exported="false" />
38-->src\main\AndroidManifest.xml:25:13-37
39        <activity
39-->src\main\AndroidManifest.xml:26:9-28:40
40            android:name="com.example.aidharbour.Register"
40-->src\main\AndroidManifest.xml:27:13-37
41            android:exported="false" />
41-->src\main\AndroidManifest.xml:28:13-37
42        <activity
42-->src\main\AndroidManifest.xml:29:9-31:40
43            android:name="com.example.aidharbour.Login"
43-->src\main\AndroidManifest.xml:30:13-34
44            android:exported="false" />
44-->src\main\AndroidManifest.xml:31:13-37
45        <activity
45-->src\main\AndroidManifest.xml:32:9-34:40
46            android:name="com.example.aidharbour.Volunteers"
46-->src\main\AndroidManifest.xml:33:13-39
47            android:exported="false" />
47-->src\main\AndroidManifest.xml:34:13-37
48        <activity
48-->src\main\AndroidManifest.xml:35:9-43:20
49            android:name="com.example.aidharbour.MainActivity"
49-->src\main\AndroidManifest.xml:36:13-41
50            android:exported="true" >
50-->src\main\AndroidManifest.xml:37:13-36
51            <intent-filter>
51-->src\main\AndroidManifest.xml:38:13-42:29
52                <action android:name="android.intent.action.MAIN" />
52-->src\main\AndroidManifest.xml:39:17-69
52-->src\main\AndroidManifest.xml:39:25-66
53
54                <category android:name="android.intent.category.LAUNCHER" />
54-->src\main\AndroidManifest.xml:41:17-77
54-->src\main\AndroidManifest.xml:41:27-74
55            </intent-filter>
56        </activity>
57
58        <provider
58-->[androidx.emoji2:emoji2:1.2.0] AndroidManifest.xml:24:9-32:20
59            android:name="androidx.startup.InitializationProvider"
59-->[androidx.emoji2:emoji2:1.2.0] AndroidManifest.xml:25:13-67
60            android:authorities="com.example.aidharbour.androidx-startup"
60-->[androidx.emoji2:emoji2:1.2.0] AndroidManifest.xml:26:13-68
61            android:exported="false" >
61-->[androidx.emoji2:emoji2:1.2.0] AndroidManifest.xml:27:13-37
62            <meta-data
62-->[androidx.emoji2:emoji2:1.2.0] AndroidManifest.xml:29:13-31:52
63                android:name="androidx.emoji2.text.EmojiCompatInitializer"
63-->[androidx.emoji2:emoji2:1.2.0] AndroidManifest.xml:30:17-75
64                android:value="androidx.startup" />
64-->[androidx.emoji2:emoji2:1.2.0] AndroidManifest.xml:31:17-49
65            <meta-data
65-->[androidx.lifecycle:lifecycle-process:2.6.1] AndroidManifest.xml:29:13-31:52
66                android:name="androidx.lifecycle.ProcessLifecycleInitializer"
66-->[androidx.lifecycle:lifecycle-process:2.6.1] AndroidManifest.xml:30:17-78
67                android:value="androidx.startup" />
67-->[androidx.lifecycle:lifecycle-process:2.6.1] AndroidManifest.xml:31:17-49
68            <meta-data
68-->[androidx.profileinstaller:profileinstaller:1.3.0] AndroidManifest.xml:29:13-31:52
69                android:name="androidx.profileinstaller.ProfileInstallerInitializer"
69-->[androidx.profileinstaller:profileinstaller:1.3.0] AndroidManifest.xml:30:17-85
70                android:value="androidx.startup" />
70-->[androidx.profileinstaller:profileinstaller:1.3.0] AndroidManifest.xml:31:17-49
71        </provider>
72
73        <receiver
73-->[androidx.profileinstaller:profileinstaller:1.3.0] AndroidManifest.xml:34:9-52:20
74            android:name="androidx.profileinstaller.ProfileInstallReceiver"
74-->[androidx.profileinstaller:profileinstaller:1.3.0] AndroidManifest.xml:35:13-76
75            android:directBootAware="false"
75-->[androidx.profileinstaller:profileinstaller:1.3.0] AndroidManifest.xml:36:13-44
76            android:enabled="true"
76-->[androidx.profileinstaller:profileinstaller:1.3.0] AndroidManifest.xml:37:13-35
77            android:exported="true"
77-->[androidx.profileinstaller:profileinstaller:1.3.0] AndroidManifest.xml:38:13-36
78            android:permission="android.permission.DUMP" >
78-->[androidx.profileinstaller:profileinstaller:1.3.0] AndroidManifest.xml:39:13-57
79            <intent-filter>
79-->[androidx.profileinstaller:profileinstaller:1.3.0] AndroidManifest.xml:40:13-42:29
80                <action android:name="androidx.profileinstaller.action.INSTALL_PROFILE" />
80-->[androidx.profileinstaller:profileinstaller:1.3.0] AndroidManifest.xml:41:17-91
80-->[androidx.profileinstaller:profileinstaller:1.3.0] AndroidManifest.xml:41:25-88
81            </intent-filter>
82            <intent-filter>
82-->[androidx.profileinstaller:profileinstaller:1.3.0] AndroidManifest.xml:43:13-45:29
83                <action android:name="androidx.profileinstaller.action.SKIP_FILE" />
83-->[androidx.profileinstaller:profileinstaller:1.3.0] AndroidManifest.xml:44:17-85
83-->[androidx.profileinstaller:profileinstaller:1.3.0] AndroidManifest.xml:44:25-82
84            </intent-filter>
85            <intent-filter>
85-->[androidx.profileinstaller:profileinstaller:1.3.0] AndroidManifest.xml:46:13-48:29
86                <action android:name="androidx.profileinstaller.action.SAVE_PROFILE" />
86-->[androidx.profileinstaller:profileinstaller:1.3.0] AndroidManifest.xml:47:17-88
86-->[androidx.profileinstaller:profileinstaller:1.3.0] AndroidManifest.xml:47:25-85
87            </intent-filter>
88            <intent-filter>
88-->[androidx.profileinstaller:profileinstaller:1.3.0] AndroidManifest.xml:49:13-51:29
89                <action android:name="androidx.profileinstaller.action.BENCHMARK_OPERATION" />
89-->[androidx.profileinstaller:profileinstaller:1.3.0] AndroidManifest.xml:50:17-95
89-->[androidx.profileinstaller:profileinstaller:1.3.0] AndroidManifest.xml:50:25-92
90            </intent-filter>
91        </receiver>
92    </application>
93
94</manifest>